<?xml version="1.0" encoding="UTF-8"?>
<testng-results skipped="0" failed="0" ignored="0" total="1" passed="1">
  <reporter-output>
  </reporter-output>
  <suite name="Surefire suite" duration-ms="24362" started-at="2023-01-04T14:27:42 EET" finished-at="2023-01-04T14:28:07 EET">
    <groups>
      <group name="cucumber">
        <method signature="AbstractTestNGCucumberTests.runScenario(io.cucumber.testng.PickleWrapper,io.cucumber.testng.FeatureWrapper)[pri:0, instance:org.example.testRunner.runners@36b4cef0]" name="runScenario" class="io.cucumber.testng.AbstractTestNGCucumberTests"/>
      </group> <!-- cucumber -->
    </groups>
    <test name="Surefire test" duration-ms="24362" started-at="2023-01-04T14:27:42 EET" finished-at="2023-01-04T14:28:07 EET">
      <class name="org.example.testRunner.runners">
        <test-method status="PASS" signature="setUpClass(org.testng.ITestContext)[pri:0, instance:org.example.testRunner.runners@36b4cef0]" name="setUpClass" is-config="true" duration-ms="1322" started-at="2023-01-04T14:27:42 EET" finished-at="2023-01-04T14:27:44 EET">
          <params>
            <param index="0">
              <value>
                <![CDATA[org.testng.TestRunner@37c2eacb]]>
              </value>
            </param>
          </params>
          <reporter-output>
          </reporter-output>
        </test-method> <!-- setUpClass -->
        <test-method status="PASS" signature="runScenario(io.cucumber.testng.PickleWrapper,io.cucumber.testng.FeatureWrapper)[pri:0, instance:org.example.testRunner.runners@36b4cef0]" name="runScenario" duration-ms="22682" started-at="2023-01-04T14:27:44 EET" description="Runs Cucumber Scenarios" data-provider="scenarios" finished-at="2023-01-04T14:28:06 EET">
          <params>
            <param index="0">
              <value>
                <![CDATA["Test SignUp"]]>
              </value>
            </param>
            <param index="1">
              <value>
                <![CDATA["SignUp"]]>
              </value>
            </param>
          </params>
          <reporter-output>
          </reporter-output>
        </test-method> <!-- runScenario -->
        <test-method status="PASS" signature="tearDownClass()[pri:0, instance:org.example.testRunner.runners@36b4cef0]" name="tearDownClass" is-config="true" duration-ms="279" started-at="2023-01-04T14:28:06 EET" finished-at="2023-01-04T14:28:07 EET">
          <reporter-output>
          </reporter-output>
        </test-method> <!-- tearDownClass -->
      </class> <!-- org.example.testRunner.runners -->
    </test> <!-- Surefire test -->
  </suite> <!-- Surefire suite -->
</testng-results>
